#jinja2: lstrip_blocks: "True"
version 12.1R1.9;
system {
    host-name LAB-COR2;
    root-authentication {
        encrypted-password "$1$2FIsFjru$/eN1lmWTHoJgkgSBuxqRU."; ## SECRET-DATA
    }
    login {
        user lab {
            uid 2000;
            class super-user;
            authentication {
                encrypted-password "$1$k5QNc0zP$SW.4Zgv65BqXJtVfUWGQ/."; ## SECRET-DATA
            }
        }
    }
    services {
        ssh {
            max-sessions-per-connection 32;
        }
        telnet {
            connection-limit 5;
        }
        netconf {
            ssh;
        }
    }
    syslog {
        user * {
            any emergency;
        }
        file messages {
            any notice;
            authorization info;
        }
        file interactive-commands {
            interactive-commands any;
        }
    }
    ntp {
        boot-server 192.168.1.237;
        server 192.168.1.237;
    }
}
#jinja2: lstrip_blocks: "True"
groups {
	OUT-OF-BAND-MANAGEMENT {
		interfaces {
			em0 {
			  description "OOB MANAGEMENT INTERFACE --- DO NOT DELETE";
			  unit 0 {
			      family inet {
			          address 192.168.1.12/24;
			      }
			  }
			}
		}
		routing-options {
			static {
			    route 0.0.0.0/0 next-hop 192.168.1.237;
			}
		}
	}
}
apply-groups OUT-OF-BAND-MANAGEMENT;
#jinja2: lstrip_blocks: "True"
groups {
    PROTOCOL-DEFAULTS-BGP {
        protocols {
            bgp {
                group <*> {
                    type internal;
                    family inet {
                        unicast;
                    }
                    family inet-vpn {
                        unicast;
                    }
                    family l2vpn {
                        signaling;
                    }
                    family inet-mvpn {
                        signaling;
                    }
                }
            }
        }
    }
    PROTOCOL-DEFAULTS-MPLS {
        protocols {
            mpls {
                log-updown {
                    syslog;
                    trap;
                    trap-path-down;
                    trap-path-up;
                }
                interface fxp0.0 {
                    disable;
                }
                interface em0.0 {
                    disable;
                }
            }
        }
    }
    PROTOCOL-DEFAULTS-RSVP {
        protocols {
            rsvp {
                interface fxp0.0 {
                    disable;
                }
                interface em0.0 {
                    disable;
                }
                interface <em*> {
                    aggregate;
                    reliable;
                    subscription 60;
                    link-protection;
                }
                interface lo0.0 {
                    aggregate;
                    reliable;
                    link-protection;
                }
            }
        }
    }
    PROTOCOL-DEFAULTS-LDP {
        protocols {
            ldp {
                keepalive-timeout 180;
                interface fxp0.0 {
                    disable;
                }
                interface em0.0 {
                    disable;
                }
                interface lo0.0;
            }
        }
    }
    PROTOCOL-DEFAULTS-ISIS {
        protocols {
            isis {
                traffic-engineering {
                    family inet {
                        shortcuts;
                    }
                    family inet6 {
                        shortcuts;
                    }
                }
                reference-bandwidth 10g;
                interface lo0.0 {
                    passive;
                }
                interface fxp0.0 {
                    disable;
                }
                interface em0.0 {
                    disable;
                }
                interface <em*> {
                    node-link-protection;
                    point-to-point;
                    level 1 disable;
                    level 2 {
                        hello-interval 90;
                    }
                }
            }
        }
    }
}
/* Best Practice: You must configure per-packet load-balancing routing policy when using ospf/isis node-link-protection */
policy-options {
    policy-statement load-balancing-policy {
        then {
            load-balance per-packet;
        }
    }
}
routing-options {
    forwarding-table {
        /* Best Practice: You must configure per-packet load-balancing routing policy when using ospf/isis node-link-protection */
        export load-balancing-policy;
    }
}
protocols {
    bgp {
        apply-groups PROTOCOL-DEFAULTS-BGP;
    }
    rsvp {
        apply-groups PROTOCOL-DEFAULTS-RSVP;
    }
    mpls {
        apply-groups PROTOCOL-DEFAULTS-MPLS;
    }
    ldp {
        apply-groups PROTOCOL-DEFAULTS-LDP;
    }
    isis {
        apply-groups PROTOCOL-DEFAULTS-ISIS;
    }
    lldp {
        interface all;
    }
}
