#jinja2: lstrip_blocks: "True"
routing-options {
	router-id 10.1.1.12;
	autonomous-system 0.65535;
        dynamic-tunnels {
        dt-1 {
            rsvp-te rsvp-te-1 {
                label-switched-path-template {
                    default-template;
                }
                destination-networks {
                    10.1.1/24;
                }
            }
        }
    }
    }
#jinja2: lstrip_blocks: "True"
interfaces {
    	lo0 {
        unit 0 {
            description "PEERING INTERFACE --- DO NOT DELETE";
            family inet {
                address 10.1.1.12;
            }
                        family iso {
            	address 49.0000.0172.0016.0012.00;
            }
                    }
    }
    /* link_index: 2 | LAB-COR2 em1.0 169.254.0.3/31 --> 169.254.0.2/31 em2.0 LAB-PE1 */
	em1 {
		mtu 2000;
		description "WAN | LAB-PE1 em2";
		unit 0 {
            family inet {
				address 169.254.0.3/31;
			}
            family mpls;
            family iso;
            		}
	}
    /* link_index: 6 | LAB-COR2 em2.0 169.254.0.7/31 --> 169.254.0.6/31 em2.0 LAB-PE2 */
	em2 {
		mtu 2000;
		description "WAN | LAB-PE2 em2";
		unit 0 {
            family inet {
				address 169.254.0.7/31;
			}
            family mpls;
            family iso;
            		}
	}
    /* link_index: 16 | LAB-COR2 em3.0 169.254.0.17/31 --> 169.254.0.16/31 em3.0 LAB-COR1 */
	em3 {
		mtu 2000;
		description "WAN | LAB-COR1 em3";
		unit 0 {
            family inet {
				address 169.254.0.17/31;
			}
            family mpls;
            family iso;
            		}
	}
    /* link_index: 22 | LAB-COR2 em5.0 169.254.0.22/31 --> 169.254.0.23/31 em5.0 LAB-COR3 */
	em5 {
		mtu 2000;
		description "WAN | LAB-COR3 em5";
		unit 0 {
            family inet {
				address 169.254.0.22/31;
			}
            family mpls;
            family iso;
            		}
	}
    /* link_index: 24 | LAB-COR2 em4.0 169.254.0.24/31 --> 169.254.0.25/31 em1.0 LAB-COR4 */
	em4 {
		mtu 2000;
		description "WAN | LAB-COR4 em1";
		unit 0 {
            family inet {
				address 169.254.0.24/31;
			}
            family mpls;
            family iso;
            		}
	}
    }
#jinja2: lstrip_blocks: "True"
protocols {
	rsvp {
        interface em1.0;
        interface em2.0;
        interface em3.0;
        interface em5.0;
        interface em4.0;
        	}
	mpls {
        interface em1.0;
        interface em2.0;
        interface em3.0;
        interface em5.0;
        interface em4.0;
            }
    ldp {
        interface em1.0;
        interface em2.0;
        interface em3.0;
        interface em5.0;
        interface em4.0;
            }
    isis {
        interface em1.0 {
            level 2 {
                metric 5;
            }
        }
        interface em2.0 {
            level 2 {
                metric 5;
            }
        }
        interface em3.0 {
            level 2 {
                metric 5;
            }
        }
        interface em5.0 {
            level 2 {
                metric 5;
            }
        }
        interface em4.0 {
            level 2 {
                metric 5;
            }
        }
            }
}
