#jinja2: lstrip_blocks: "True"
routing-options {
	router-id 10.1.1.13;
	autonomous-system 0.65535;
        dynamic-tunnels {
        dt-1 {
            rsvp-te rsvp-te-1 {
                label-switched-path-template {
                    default-template;
                }
                destination-networks {
                    10.1.1/24;
                }
            }
        }
    }
    }
#jinja2: lstrip_blocks: "True"
interfaces {
    	lo0 {
        unit 0 {
            description "PEERING INTERFACE --- DO NOT DELETE";
            family inet {
                address 10.1.1.13;
            }
                        family iso {
            	address 49.0000.0172.0016.0013.00;
            }
                    }
    }
    /* link_index: 8 | LAB-COR3 em3.0 169.254.0.9/31 --> 169.254.0.8/31 em1.0 LAB-PE3 */
	em3 {
		mtu 2000;
		description "WAN | LAB-PE3 em1";
		unit 0 {
            family inet {
				address 169.254.0.9/31;
			}
            family mpls;
            family iso;
            		}
	}
    /* link_index: 14 | LAB-COR3 em4.0 169.254.0.15/31 --> 169.254.0.14/31 em2.0 LAB-PE4 */
	em4 {
		mtu 2000;
		description "WAN | LAB-PE4 em2";
		unit 0 {
            family inet {
				address 169.254.0.15/31;
			}
            family mpls;
            family iso;
            		}
	}
    /* link_index: 20 | LAB-COR3 em1.0 169.254.0.21/31 --> 169.254.0.20/31 em4.0 LAB-COR1 */
	em1 {
		mtu 2000;
		description "WAN | LAB-COR1 em4";
		unit 0 {
            family inet {
				address 169.254.0.21/31;
			}
            family mpls;
            family iso;
            		}
	}
    /* link_index: 22 | LAB-COR3 em5.0 169.254.0.23/31 --> 169.254.0.22/31 em5.0 LAB-COR2 */
	em5 {
		mtu 2000;
		description "WAN | LAB-COR2 em5";
		unit 0 {
            family inet {
				address 169.254.0.23/31;
			}
            family mpls;
            family iso;
            		}
	}
    /* link_index: 26 | LAB-COR3 em2.0 169.254.0.26/31 --> 169.254.0.27/31 em2.0 LAB-COR4 */
	em2 {
		mtu 2000;
		description "WAN | LAB-COR4 em2";
		unit 0 {
            family inet {
				address 169.254.0.26/31;
			}
            family mpls;
            family iso;
            		}
	}
    }
#jinja2: lstrip_blocks: "True"
protocols {
	rsvp {
        interface em3.0;
        interface em4.0;
        interface em1.0;
        interface em5.0;
        interface em2.0;
        	}
	mpls {
        interface em3.0;
        interface em4.0;
        interface em1.0;
        interface em5.0;
        interface em2.0;
            }
    ldp {
        interface em3.0;
        interface em4.0;
        interface em1.0;
        interface em5.0;
        interface em2.0;
            }
    isis {
        interface em3.0 {
            level 2 {
                metric 5;
            }
        }
        interface em4.0 {
            level 2 {
                metric 5;
            }
        }
        interface em1.0 {
            level 2 {
                metric 5;
            }
        }
        interface em5.0 {
            level 2 {
                metric 5;
            }
        }
        interface em2.0 {
            level 2 {
                metric 5;
            }
        }
            }
}
