
interfaces {
	lo0 {
        unit 0 {
            description "PEERING INTERFACE --- DO NOT DELETE";
            family inet {
                address 10.1.1.14;
            }
                        family iso {
            	address 49.0000.0172.0016.0014.00;
            }
                    }
    }
}
routing-options {
	router-id 10.1.1.14;
	autonomous-system 0.65535;
    dynamic-tunnels {
        dt-1 {
            rsvp-te rsvp-te-1 {
                label-switched-path-template {
                    default-template;
                }
                destination-networks {
                    10.1.1.0/24;
                }
            }
        }
    }
}


interfaces {
	/* link_index: 10 | LAB-COR4 em4.0 169.254.0.11/31 --> 169.254.0.10/31 em2.0 LAB-PE3 */
	em4 {
		mtu 2000;
		description "WAN | LAB-PE3 em2";
		unit 0 {
			family inet {
				address 169.254.0.11/31;
			}
			family mpls;
                        family iso;
            		}
	}
}
protocols {
	rsvp {
        interface em4.0;
	}
	mpls {
		        interface em4.0;
            }
    ldp {
    	interface em4.0;
        keepalive-timeout 180;
    }
        isis {
        interface em4.0 {
            point-to-point;
            level 1 disable;
            level 2 {
                metric 10;
                hello-interval 60;
            }
        }
    }
        }


interfaces {
	/* link_index: 12 | LAB-COR4 em3.0 169.254.0.13/31 --> 169.254.0.12/31 em1.0 LAB-PE4 */
	em3 {
		mtu 2000;
		description "WAN | LAB-PE4 em1";
		unit 0 {
			family inet {
				address 169.254.0.13/31;
			}
			family mpls;
                        family iso;
            		}
	}
}
protocols {
	rsvp {
        interface em3.0;
	}
	mpls {
		        interface em3.0;
            }
    ldp {
    	interface em3.0;
        keepalive-timeout 180;
    }
        isis {
        interface em3.0 {
            point-to-point;
            level 1 disable;
            level 2 {
                metric 10;
                hello-interval 60;
            }
        }
    }
        }


interfaces {
	/* link_index: 18 | LAB-COR4 em5.0 169.254.0.19/31 --> 169.254.0.18/31 em5.0 LAB-COR1 */
	em5 {
		mtu 2000;
		description "WAN | LAB-COR1 em5";
		unit 0 {
			family inet {
				address 169.254.0.19/31;
			}
			family mpls;
                        family iso;
            		}
	}
}
protocols {
	rsvp {
        interface em5.0;
	}
	mpls {
		        interface em5.0;
            }
    ldp {
    	interface em5.0;
        keepalive-timeout 180;
    }
        isis {
        interface em5.0 {
            point-to-point;
            level 1 disable;
            level 2 {
                metric 10;
                hello-interval 60;
            }
        }
    }
        }


interfaces {
	/* link_index: 24 | LAB-COR4 em1.0 169.254.0.25/31 --> 169.254.0.24/31 em4.0 LAB-COR2 */
	em1 {
		mtu 2000;
		description "WAN | LAB-COR2 em4";
		unit 0 {
			family inet {
				address 169.254.0.25/31;
			}
			family mpls;
                        family iso;
            		}
	}
}
protocols {
	rsvp {
        interface em1.0;
	}
	mpls {
		        interface em1.0;
            }
    ldp {
    	interface em1.0;
        keepalive-timeout 180;
    }
        isis {
        interface em1.0 {
            point-to-point;
            level 1 disable;
            level 2 {
                metric 10;
                hello-interval 60;
            }
        }
    }
        }


interfaces {
	/* link_index: 26 | LAB-COR4 em2.0 169.254.0.27/31 --> 169.254.0.26/31 em2.0 LAB-COR3 */
	em2 {
		mtu 2000;
		description "WAN | LAB-COR3 em2";
		unit 0 {
			family inet {
				address 169.254.0.27/31;
			}
			family mpls;
                        family iso;
            		}
	}
}
protocols {
	rsvp {
        interface em2.0;
	}
	mpls {
		        interface em2.0;
            }
    ldp {
    	interface em2.0;
        keepalive-timeout 180;
    }
        isis {
        interface em2.0 {
            point-to-point;
            level 1 disable;
            level 2 {
                metric 10;
                hello-interval 60;
            }
        }
    }
        }


interfaces {
	/* link_index: 28 | LAB-COR4 em0.0 169.254.0.29/31 --> 169.254.0.28/31 em0.0 LAB-COR1 */
	em0 {
		mtu 2000;
		description "WAN | LAB-COR1 em0";
		unit 0 {
			family inet {
				address 169.254.0.29/31;
			}
			family mpls;
                        family iso;
            		}
	}
}
protocols {
	rsvp {
        interface em0.0;
	}
	mpls {
		        interface em0.0;
            }
    ldp {
    	interface em0.0;
        keepalive-timeout 180;
    }
        isis {
        interface em0.0 {
            point-to-point;
            level 1 disable;
            level 2 {
                metric 10;
                hello-interval 60;
            }
        }
    }
        }

